<?xml version="1.0" encoding="UTF-8"?>
<testsuite xmlns:xsi="http://www.w3.org/2001/XMLSchema-instance" xsi:noNamespaceSchemaLocation="https://maven.apache.org/surefire/maven-surefire-plugin/xsd/surefire-test-report-3.0.xsd" version="3.0" name="drinkshop.service.ProductServiceTest$UpdateProductTests" time="0.151" tests="4" errors="0" skipped="0" failures="0">
  <properties>
[...]
</properties>
  <testcase name="updateProduct_ECP(int, double, boolean)[1]" classname="drinkshop.service.ProductServiceTest$UpdateProductTests" time="0.069"/>
  <testcase name="updateProduct_ECP(int, double, boolean)[2]" classname="drinkshop.service.ProductServiceTest$UpdateProductTests" time="0.003"/>
  <testcase name="updateProduct_ECP(int, double, boolean)[3]" classname="drinkshop.service.ProductServiceTest$UpdateProductTests" time="0.004"/>
  <testcase name="updateProduct_ECP(int, double, boolean)[4]" classname="drinkshop.service.ProductServiceTest$UpdateProductTests" time="0.002"/>
</testsuite>